<?xml version="1.0" encoding="UTF-8"?>
<!-- Generated by org.testng.reporters.JUnitXMLReporter -->
<testsuite ignored="11" hostname="DESKTOP-OP86SSF" failures="0" tests="1" name="Default test(failed)" time="12.581" errors="0" timestamp="2023-12-08T15:43:35 IST">
  <testcase classname="testCases.Checkout_page_2_Test" name="VerifyCancelBtnTest" time="3.526"/>
  <testcase classname="testCases.Checkout_page_2_Test" name="VerifyDescriptextTest" time="0.0">
    <ignored/>
  </testcase> <!-- VerifyDescriptextTest -->
  <testcase classname="testCases.Checkout_page_2_Test" name="Checkoutpage2Test" time="0.0">
    <ignored/>
  </testcase> <!-- Checkoutpage2Test -->
  <testcase classname="testCases.Checkout_page_2_Test" name="VerifyPriceTotalTest" time="0.0">
    <ignored/>
  </testcase> <!-- VerifyPriceTotalTest -->
  <testcase classname="testCases.Checkout_page_2_Test" name="VerifyQTYtextTest" time="0.0">
    <ignored/>
  </testcase> <!-- VerifyQTYtextTest -->
  <testcase classname="testCases.Checkout_page_2_Test" name="VerifyTotalPriceTest" time="0.0">
    <ignored/>
  </testcase> <!-- VerifyTotalPriceTest -->
  <testcase classname="testCases.Checkout_page_2_Test" name="VerifySaucecardinfoTest" time="0.0">
    <ignored/>
  </testcase> <!-- VerifySaucecardinfoTest -->
  <testcase classname="testCases.Checkout_page_2_Test" name="VerifyShippinginfoTest" time="0.0">
    <ignored/>
  </testcase> <!-- VerifyShippinginfoTest -->
  <testcase classname="testCases.Checkout_page_2_Test" name="VerifyFinishBtnTest" time="0.0">
    <ignored/>
  </testcase> <!-- VerifyFinishBtnTest -->
  <testcase classname="testCases.Checkout_page_2_Test" name="Verifyitem1inchkpageTest" time="0.0">
    <ignored/>
  </testcase> <!-- Verifyitem1inchkpageTest -->
  <testcase classname="testCases.Checkout_page_2_Test" name="VerifyCheckoverviewTest" time="0.0">
    <ignored/>
  </testcase> <!-- VerifyCheckoverviewTest -->
  <testcase classname="testCases.Checkout_page_2_Test" name="VerifyPaymentinfotextTest" time="0.0">
    <ignored/>
  </testcase> <!-- VerifyPaymentinfotextTest -->
</testsuite> <!-- Default test(failed) -->
