<?xml version="1.0" encoding="UTF-8"?>
<!-- Generated by org.testng.reporters.JUnitXMLReporter -->
<testsuite ignored="0" hostname="DESKTOP-OP86SSF" failures="0" tests="5" name="Default test" time="92.285" errors="0" timestamp="2023-12-16T16:04:52 IST">
  <testcase classname="testCases.VerifyMultiple_Credentials_Test" name="logintoAppWithmultiCredsTest" time="0.54"/>
  <testcase classname="testCases.VerifyMultiple_Credentials_Test" name="logintoAppWithmultiCredsTest" time="0.53"/>
  <testcase classname="testCases.VerifyMultiple_Credentials_Test" name="logintoAppWithmultiCredsTest" time="5.549"/>
  <testcase classname="testCases.VerifyMultiple_Credentials_Test" name="logintoAppWithmultiCredsTest" time="0.535"/>
  <testcase classname="testCases.VerifyMultiple_Credentials_Test" name="logintoAppWithmultiCredsTest" time="0.545"/>
</testsuite> <!-- Default test -->
