<?xml version="1.0" encoding="UTF-8"?>
<!-- Generated by org.testng.reporters.JUnitXMLReporter -->
<testsuite ignored="6" hostname="DESKTOP-OP86SSF" failures="0" tests="1" name="Default test(failed)(failed)" time="11.887" errors="0" timestamp="2023-12-05T16:01:56 IST">
  <testcase classname="testCases.Inventory_page_2_Test" name="verifyproductslabelTest" time="0.085"/>
  <testcase classname="testCases.Inventory_page_2_Test" name="verifyfootertextTest" time="0.0">
    <ignored/>
  </testcase> <!-- verifyfootertextTest -->
  <testcase classname="testCases.Inventory_page_2_Test" name="verifytwitterlogoTest" time="0.0">
    <ignored/>
  </testcase> <!-- verifytwitterlogoTest -->
  <testcase classname="testCases.Inventory_page_2_Test" name="add6productsTest" time="0.0">
    <ignored/>
  </testcase> <!-- add6productsTest -->
  <testcase classname="testCases.Inventory_page_2_Test" name="Verify3linesTest" time="0.0">
    <ignored/>
  </testcase> <!-- Verify3linesTest -->
  <testcase classname="testCases.Inventory_page_2_Test" name="verifyLinkdeinlogoTest" time="0.0">
    <ignored/>
  </testcase> <!-- verifyLinkdeinlogoTest -->
  <testcase classname="testCases.Inventory_page_2_Test" name="verifyFacebooklogoTest" time="0.0">
    <ignored/>
  </testcase> <!-- verifyFacebooklogoTest -->
</testsuite> <!-- Default test(failed)(failed) -->
