<?xml version="1.0" encoding="UTF-8"?>
<!-- Generated by org.testng.reporters.JUnitXMLReporter -->
<testsuite ignored="0" hostname="DESKTOP-OP86SSF" failures="0" tests="46" name="AllTestCases" time="442.143" errors="0" timestamp="2023-12-16T16:14:55 IST">
  <testcase classname="testCases.Cart_Page_Test" name="ProductpresentincartTest" time="0.45"/>
  <testcase classname="testCases.Cart_Page_Test" name="RemoveProductfromCartTest" time="3.488"/>
  <testcase classname="testCases.Cart_Page_Test" name="Verify3linesTest" time="0.172"/>
  <testcase classname="testCases.Cart_Page_Test" name="VerifyCheckoutbuttonTest" time="0.507"/>
  <testcase classname="testCases.Cart_Page_Test" name="VerifyContinueShoppingbuttonTest" time="0.447"/>
  <testcase classname="testCases.Cart_Page_Test" name="VerifyDiscriptionTest" time="0.165"/>
  <testcase classname="testCases.Cart_Page_Test" name="VerifyQuantityTest" time="3.224"/>
  <testcase classname="testCases.Cart_Page_Test" name="verifyFacebooklogoTest" time="0.07"/>
  <testcase classname="testCases.Cart_Page_Test" name="verifyLinkdeinlogoTest" time="0.075"/>
  <testcase classname="testCases.Cart_Page_Test" name="verifyTwitterlogoTest" time="0.085"/>
  <testcase classname="testCases.Cart_Page_Test" name="verifyYourCarttextTest" time="0.195"/>
  <testcase classname="testCases.Cart_Page_Test" name="verifycarticonTest" time="3.128"/>
  <testcase classname="testCases.Cart_Page_Test" name="verifyfootertextTest" time="0.07"/>
  <testcase classname="testCases.Cart_Page_Test" name="verifyproductaddedintoCartTest" time="3.405"/>
  <testcase classname="testCases.VerifyMultiple_Credentials_Test" name="logintoAppWithmultiCredsTest" time="0.503"/>
  <testcase classname="testCases.VerifyMultiple_Credentials_Test" name="logintoAppWithmultiCredsTest" time="0.486"/>
  <testcase classname="testCases.VerifyMultiple_Credentials_Test" name="logintoAppWithmultiCredsTest" time="5.539"/>
  <testcase classname="testCases.VerifyMultiple_Credentials_Test" name="logintoAppWithmultiCredsTest" time="0.534"/>
  <testcase classname="testCases.VerifyMultiple_Credentials_Test" name="logintoAppWithmultiCredsTest" time="0.49"/>
  <testcase classname="testCases.LoginPageTest" name="loginToApplicationTest" time="1.964"/>
  <testcase classname="testCases.LoginPageTest" name="verifyURlofApplication" time="0.051"/>
  <testcase classname="testCases.LoginPageTest" name="verifytitleofApplicationTest" time="0.057"/>
  <testcase classname="testCases.Checkout_page_2_Test" name="Checkoutpage2Test" time="3.535"/>
  <testcase classname="testCases.Checkout_page_2_Test" name="VerifyCancelBtnTest" time="3.826"/>
  <testcase classname="testCases.Checkout_page_2_Test" name="VerifyCheckoverviewTest" time="3.593"/>
  <testcase classname="testCases.Checkout_page_2_Test" name="VerifyDescriptextTest" time="3.598"/>
  <testcase classname="testCases.Checkout_page_2_Test" name="VerifyFinishBtnTest" time="3.749"/>
  <testcase classname="testCases.Checkout_page_2_Test" name="VerifyPaymentinfotextTest" time="3.594"/>
  <testcase classname="testCases.Checkout_page_2_Test" name="VerifyPriceTotalTest" time="3.607"/>
  <testcase classname="testCases.Checkout_page_2_Test" name="VerifyQTYtextTest" time="3.559"/>
  <testcase classname="testCases.Checkout_page_2_Test" name="VerifySaucecardinfoTest" time="3.542"/>
  <testcase classname="testCases.Checkout_page_2_Test" name="VerifyShippinginfoTest" time="3.59"/>
  <testcase classname="testCases.Checkout_page_2_Test" name="VerifyTotalPriceTest" time="3.647"/>
  <testcase classname="testCases.Checkout_page_2_Test" name="Verifyitem1inchkpageTest" time="3.585"/>
  <testcase classname="testCases.Complete_page_Test" name="BacktoHomebtnTest" time="0.125"/>
  <testcase classname="testCases.Complete_page_Test" name="VerifyCheckoutCompleteTest" time="0.05"/>
  <testcase classname="testCases.Complete_page_Test" name="VerifyCompTickimgTest" time="0.06"/>
  <testcase classname="testCases.Complete_page_Test" name="VerifyThankyoumsgTest" time="0.05"/>
  <testcase classname="testCases.Complete_page_Test" name="VerifydispatchMsgTest" time="0.06"/>
  <testcase classname="testCases.Inventory_page_2_Test" name="Verify3linesTest" time="0.15"/>
  <testcase classname="testCases.Inventory_page_2_Test" name="add6productsTest" time="1.011"/>
  <testcase classname="testCases.Inventory_page_2_Test" name="verifyFacebooklogoTest" time="0.06"/>
  <testcase classname="testCases.Inventory_page_2_Test" name="verifyLinkdeinlogoTest" time="0.055"/>
  <testcase classname="testCases.Inventory_page_2_Test" name="verifyfootertextTest" time="0.065"/>
  <testcase classname="testCases.Inventory_page_2_Test" name="verifyproductslabelTest" time="0.115"/>
  <testcase classname="testCases.Inventory_page_2_Test" name="verifytwitterlogoTest" time="0.055"/>
</testsuite> <!-- AllTestCases -->
