<?xml version="1.0" encoding="UTF-8"?>
<!-- Generated by org.testng.reporters.JUnitXMLReporter -->
<testsuite ignored="4" hostname="DESKTOP-OP86SSF" failures="0" tests="6" name="Test_Group" time="41.652" errors="0" timestamp="2023-12-12T11:54:48 IST">
  <testcase classname="testCases.LoginPageTest" name="verifytitleofApplicationTest" time="0.772"/>
  <testcase classname="testCases.LoginPageTest" name="verifyURlofApplication" time="0.033"/>
  <testcase classname="testCases.Inventory_page_2_Test" name="Verify3linesTest" time="0.106"/>
  <testcase classname="testCases.Inventory_page_2_Test" name="add6productsTest" time="0.514"/>
  <testcase classname="testCases.Inventory_page_2_Test" name="verifyFacebooklogoTest" time="0.037"/>
  <testcase classname="testCases.Inventory_page_2_Test" name="verifyproductslabelTest" time="0.07"/>
  <testcase classname="testCases.Inventory_page_2_Test" name="verifyfootertextTest" time="0.0">
    <ignored/>
  </testcase> <!-- verifyfootertextTest -->
  <testcase classname="testCases.Inventory_page_2_Test" name="verifytwitterlogoTest" time="0.0">
    <ignored/>
  </testcase> <!-- verifytwitterlogoTest -->
  <testcase classname="testCases.Inventory_page_2_Test" name="verifyLinkdeinlogoTest" time="0.0">
    <ignored/>
  </testcase> <!-- verifyLinkdeinlogoTest -->
  <testcase classname="testCases.LoginPageTest" name="loginToApplicationTest" time="0.0">
    <ignored/>
  </testcase> <!-- loginToApplicationTest -->
</testsuite> <!-- Test_Group -->
