<?xml version="1.0" encoding="UTF-8"?>
<testng-results ignored="0" total="46" passed="46" failed="0" skipped="0">
  <reporter-output>
    <line>
      <![CDATA[Product present in cart=true]]>
    </line>
    <line>
      <![CDATA[No of Products removed into Cart= 1]]>
    </line>
    <line>
      <![CDATA[Menu is displayed=true]]>
    </line>
    <line>
      <![CDATA[after clicking Checkout button =https://www.saucedemo.com/checkout-step-one.html]]>
    </line>
    <line>
      <![CDATA[after clicking Continue shopping button =https://www.saucedemo.com/inventory.html]]>
    </line>
    <line>
      <![CDATA[Lable of Description is =Description]]>
    </line>
    <line>
      <![CDATA[Lable of Quantity is =QTY]]>
    </line>
    <line>
      <![CDATA[visibility of FacebookLogo=true]]>
    </line>
    <line>
      <![CDATA[visibility of LinkdeinLogo=true]]>
    </line>
    <line>
      <![CDATA[Visibility of Twitter logo = true]]>
    </line>
    <line>
      <![CDATA[Lable of =Your Cart]]>
    </line>
    <line>
      <![CDATA[Cart page =https://www.saucedemo.com/cart.html]]>
    </line>
    <line>
      <![CDATA[Footer text of the inventory page = © 2023 Sauce Labs. All Rights Reserved. Terms of Service | Privacy Policy]]>
    </line>
    <line>
      <![CDATA[No of Products added into Cart= 2]]>
    </line>
    <line>
      <![CDATA[URL of the checkoutpage 2 =https://www.saucedemo.com/checkout-step-two.html]]>
    </line>
    <line>
      <![CDATA[URL after clicking on Cancel Button =https://www.saucedemo.com/inventory.html]]>
    </line>
    <line>
      <![CDATA[Verify Checkoverview text =Checkout: Overview]]>
    </line>
    <line>
      <![CDATA[Verify Description text =Description]]>
    </line>
    <line>
      <![CDATA[URL of the Finish Page =https://www.saucedemo.com/checkout-complete.html]]>
    </line>
    <line>
      <![CDATA[Payment Information Text =Payment Information]]>
    </line>
    <line>
      <![CDATA[Price Total Text =Price Total]]>
    </line>
    <line>
      <![CDATA[Verify QTY text =QTY]]>
    </line>
    <line>
      <![CDATA[Saucecardinfo Text =SauceCard #31337]]>
    </line>
    <line>
      <![CDATA[Shipping Information Text =Shipping Information]]>
    </line>
    <line>
      <![CDATA[Total Text =Total: $43.18]]>
    </line>
    <line>
      <![CDATA[Item present in Checkout page 2=true]]>
    </line>
    <line>
      <![CDATA[Backto Home btn working= https://www.saucedemo.com/inventory.html]]>
    </line>
    <line>
      <![CDATA[Verify Checkout Complete Text = Checkout: Complete!]]>
    </line>
    <line>
      <![CDATA[Complete Tick is Verified+true]]>
    </line>
    <line>
      <![CDATA[Verify Thankyou msg Text = Thank you for your order!]]>
    </line>
    <line>
      <![CDATA[Verify dispatch Msg text = Your order has been dispatched, and will arrive just as fast as the pony can get there!]]>
    </line>
    <line>
      <![CDATA[Menu is displayed=true]]>
    </line>
    <line>
      <![CDATA[Total number of product added to cart = 6]]>
    </line>
    <line>
      <![CDATA[visibility of FacebookLogo=true]]>
    </line>
    <line>
      <![CDATA[visibility of LinkdeinLogo=true]]>
    </line>
    <line>
      <![CDATA[Footer text of the inventory page = © 2023 Sauce Labs. All Rights Reserved. Terms of Service | Privacy Policy]]>
    </line>
    <line>
      <![CDATA[Lable of Inventory Page =Products]]>
    </line>
    <line>
      <![CDATA[visibility of TwitterLogo=true]]>
    </line>
  </reporter-output>
  <suite started-at="2023-12-16T16:07:33 IST" name="Full_Swaglab_TestCases_Suite" finished-at="2023-12-16T16:14:55 IST" duration-ms="442143">
    <groups>
      <group name="Sanity">
        <method signature="Inventory_page_2_Test.Verify3linesTest()[pri:0, instance:testCases.Inventory_page_2_Test@19e7a160]" name="Verify3linesTest" class="testCases.Inventory_page_2_Test"/>
        <method signature="Inventory_page_2_Test.add6productsTest()[pri:0, instance:testCases.Inventory_page_2_Test@19e7a160]" name="add6productsTest" class="testCases.Inventory_page_2_Test"/>
        <method signature="Inventory_page_2_Test.verifyFacebooklogoTest()[pri:0, instance:testCases.Inventory_page_2_Test@19e7a160]" name="verifyFacebooklogoTest" class="testCases.Inventory_page_2_Test"/>
        <method signature="Inventory_page_2_Test.verifyproductslabelTest()[pri:0, instance:testCases.Inventory_page_2_Test@19e7a160]" name="verifyproductslabelTest" class="testCases.Inventory_page_2_Test"/>
        <method signature="Inventory_page_2_Test.verifytwitterlogoTest()[pri:0, instance:testCases.Inventory_page_2_Test@19e7a160]" name="verifytwitterlogoTest" class="testCases.Inventory_page_2_Test"/>
        <method signature="LoginPageTest.verifytitleofApplicationTest()[pri:1, instance:testCases.LoginPageTest@5be49b60]" name="verifytitleofApplicationTest" class="testCases.LoginPageTest"/>
      </group> <!-- Sanity -->
      <group name="Retesting">
        <method signature="Inventory_page_2_Test.add6productsTest()[pri:0, instance:testCases.Inventory_page_2_Test@19e7a160]" name="add6productsTest" class="testCases.Inventory_page_2_Test"/>
        <method signature="Inventory_page_2_Test.verifyFacebooklogoTest()[pri:0, instance:testCases.Inventory_page_2_Test@19e7a160]" name="verifyFacebooklogoTest" class="testCases.Inventory_page_2_Test"/>
        <method signature="Inventory_page_2_Test.verifyLinkdeinlogoTest()[pri:0, instance:testCases.Inventory_page_2_Test@19e7a160]" name="verifyLinkdeinlogoTest" class="testCases.Inventory_page_2_Test"/>
        <method signature="Inventory_page_2_Test.verifyfootertextTest()[pri:0, instance:testCases.Inventory_page_2_Test@19e7a160]" name="verifyfootertextTest" class="testCases.Inventory_page_2_Test"/>
        <method signature="Inventory_page_2_Test.verifyproductslabelTest()[pri:0, instance:testCases.Inventory_page_2_Test@19e7a160]" name="verifyproductslabelTest" class="testCases.Inventory_page_2_Test"/>
      </group> <!-- Retesting -->
      <group name="Regression">
        <method signature="Inventory_page_2_Test.verifyfootertextTest()[pri:0, instance:testCases.Inventory_page_2_Test@19e7a160]" name="verifyfootertextTest" class="testCases.Inventory_page_2_Test"/>
        <method signature="Inventory_page_2_Test.verifytwitterlogoTest()[pri:0, instance:testCases.Inventory_page_2_Test@19e7a160]" name="verifytwitterlogoTest" class="testCases.Inventory_page_2_Test"/>
      </group> <!-- Regression -->
    </groups>
    <test started-at="2023-12-16T16:07:33 IST" name="AllTestCases" finished-at="2023-12-16T16:14:55 IST" duration-ms="442143">
      <class name="testCases.Checkout_page_2_Test">
        <test-method is-config="true" signature="setup()[pri:0, instance:testCases.Checkout_page_2_Test@2931522b]" started-at="2023-12-16T16:10:43 IST" name="setup" finished-at="2023-12-16T16:10:51 IST" duration-ms="8049" status="PASS">
          <reporter-output>
          </reporter-output>
        </test-method> <!-- setup -->
        <test-method signature="Checkoutpage2Test()[pri:0, instance:testCases.Checkout_page_2_Test@2931522b]" started-at="2023-12-16T16:10:51 IST" name="Checkoutpage2Test" finished-at="2023-12-16T16:10:54 IST" duration-ms="3535" status="PASS">
          <reporter-output>
            <line>
              <![CDATA[URL of the checkoutpage 2 =https://www.saucedemo.com/checkout-step-two.html]]>
            </line>
          </reporter-output>
        </test-method> <!-- Checkoutpage2Test -->
        <test-method is-config="true" signature="closeBrowser()[pri:0, instance:testCases.Checkout_page_2_Test@2931522b]" started-at="2023-12-16T16:10:54 IST" name="closeBrowser" finished-at="2023-12-16T16:10:55 IST" duration-ms="205" status="PASS">
          <reporter-output>
          </reporter-output>
        </test-method> <!-- closeBrowser -->
        <test-method is-config="true" signature="setup()[pri:0, instance:testCases.Checkout_page_2_Test@2931522b]" started-at="2023-12-16T16:10:55 IST" name="setup" finished-at="2023-12-16T16:11:04 IST" duration-ms="8877" status="PASS">
          <reporter-output>
          </reporter-output>
        </test-method> <!-- setup -->
        <test-method signature="VerifyCancelBtnTest()[pri:0, instance:testCases.Checkout_page_2_Test@2931522b]" started-at="2023-12-16T16:11:04 IST" name="VerifyCancelBtnTest" finished-at="2023-12-16T16:11:07 IST" duration-ms="3826" status="PASS">
          <reporter-output>
            <line>
              <![CDATA[URL after clicking on Cancel Button =https://www.saucedemo.com/inventory.html]]>
            </line>
          </reporter-output>
        </test-method> <!-- VerifyCancelBtnTest -->
        <test-method is-config="true" signature="closeBrowser()[pri:0, instance:testCases.Checkout_page_2_Test@2931522b]" started-at="2023-12-16T16:11:07 IST" name="closeBrowser" finished-at="2023-12-16T16:11:08 IST" duration-ms="370" status="PASS">
          <reporter-output>
          </reporter-output>
        </test-method> <!-- closeBrowser -->
        <test-method is-config="true" signature="setup()[pri:0, instance:testCases.Checkout_page_2_Test@2931522b]" started-at="2023-12-16T16:11:08 IST" name="setup" finished-at="2023-12-16T16:11:16 IST" duration-ms="7805" status="PASS">
          <reporter-output>
          </reporter-output>
        </test-method> <!-- setup -->
        <test-method signature="VerifyCheckoverviewTest()[pri:0, instance:testCases.Checkout_page_2_Test@2931522b]" started-at="2023-12-16T16:11:16 IST" name="VerifyCheckoverviewTest" finished-at="2023-12-16T16:11:19 IST" duration-ms="3593" status="PASS">
          <reporter-output>
            <line>
              <![CDATA[Verify Checkoverview text =Checkout: Overview]]>
            </line>
          </reporter-output>
        </test-method> <!-- VerifyCheckoverviewTest -->
        <test-method is-config="true" signature="closeBrowser()[pri:0, instance:testCases.Checkout_page_2_Test@2931522b]" started-at="2023-12-16T16:11:19 IST" name="closeBrowser" finished-at="2023-12-16T16:11:19 IST" duration-ms="260" status="PASS">
          <reporter-output>
          </reporter-output>
        </test-method> <!-- closeBrowser -->
        <test-method is-config="true" signature="setup()[pri:0, instance:testCases.Checkout_page_2_Test@2931522b]" started-at="2023-12-16T16:11:19 IST" name="setup" finished-at="2023-12-16T16:11:28 IST" duration-ms="8267" status="PASS">
          <reporter-output>
          </reporter-output>
        </test-method> <!-- setup -->
        <test-method signature="VerifyDescriptextTest()[pri:0, instance:testCases.Checkout_page_2_Test@2931522b]" started-at="2023-12-16T16:11:28 IST" name="VerifyDescriptextTest" finished-at="2023-12-16T16:11:31 IST" duration-ms="3598" status="PASS">
          <reporter-output>
            <line>
              <![CDATA[Verify Description text =Description]]>
            </line>
          </reporter-output>
        </test-method> <!-- VerifyDescriptextTest -->
        <test-method is-config="true" signature="closeBrowser()[pri:0, instance:testCases.Checkout_page_2_Test@2931522b]" started-at="2023-12-16T16:11:31 IST" name="closeBrowser" finished-at="2023-12-16T16:11:31 IST" duration-ms="135" status="PASS">
          <reporter-output>
          </reporter-output>
        </test-method> <!-- closeBrowser -->
        <test-method is-config="true" signature="setup()[pri:0, instance:testCases.Checkout_page_2_Test@2931522b]" started-at="2023-12-16T16:11:31 IST" name="setup" finished-at="2023-12-16T16:11:39 IST" duration-ms="7510" status="PASS">
          <reporter-output>
          </reporter-output>
        </test-method> <!-- setup -->
        <test-method signature="VerifyFinishBtnTest()[pri:0, instance:testCases.Checkout_page_2_Test@2931522b]" started-at="2023-12-16T16:11:39 IST" name="VerifyFinishBtnTest" finished-at="2023-12-16T16:11:43 IST" duration-ms="3749" status="PASS">
          <reporter-output>
            <line>
              <![CDATA[URL of the Finish Page =https://www.saucedemo.com/checkout-complete.html]]>
            </line>
          </reporter-output>
        </test-method> <!-- VerifyFinishBtnTest -->
        <test-method is-config="true" signature="closeBrowser()[pri:0, instance:testCases.Checkout_page_2_Test@2931522b]" started-at="2023-12-16T16:11:43 IST" name="closeBrowser" finished-at="2023-12-16T16:11:43 IST" duration-ms="166" status="PASS">
          <reporter-output>
          </reporter-output>
        </test-method> <!-- closeBrowser -->
        <test-method is-config="true" signature="setup()[pri:0, instance:testCases.Checkout_page_2_Test@2931522b]" started-at="2023-12-16T16:11:43 IST" name="setup" finished-at="2023-12-16T16:11:50 IST" duration-ms="7581" status="PASS">
          <reporter-output>
          </reporter-output>
        </test-method> <!-- setup -->
        <test-method signature="VerifyPaymentinfotextTest()[pri:0, instance:testCases.Checkout_page_2_Test@2931522b]" started-at="2023-12-16T16:11:50 IST" name="VerifyPaymentinfotextTest" finished-at="2023-12-16T16:11:54 IST" duration-ms="3594" status="PASS">
          <reporter-output>
            <line>
              <![CDATA[Payment Information Text =Payment Information]]>
            </line>
          </reporter-output>
        </test-method> <!-- VerifyPaymentinfotextTest -->
        <test-method is-config="true" signature="closeBrowser()[pri:0, instance:testCases.Checkout_page_2_Test@2931522b]" started-at="2023-12-16T16:11:54 IST" name="closeBrowser" finished-at="2023-12-16T16:11:54 IST" duration-ms="240" status="PASS">
          <reporter-output>
          </reporter-output>
        </test-method> <!-- closeBrowser -->
        <test-method is-config="true" signature="setup()[pri:0, instance:testCases.Checkout_page_2_Test@2931522b]" started-at="2023-12-16T16:11:54 IST" name="setup" finished-at="2023-12-16T16:12:02 IST" duration-ms="7460" status="PASS">
          <reporter-output>
          </reporter-output>
        </test-method> <!-- setup -->
        <test-method signature="VerifyPriceTotalTest()[pri:0, instance:testCases.Checkout_page_2_Test@2931522b]" started-at="2023-12-16T16:12:02 IST" name="VerifyPriceTotalTest" finished-at="2023-12-16T16:12:05 IST" duration-ms="3607" status="PASS">
          <reporter-output>
            <line>
              <![CDATA[Price Total Text =Price Total]]>
            </line>
          </reporter-output>
        </test-method> <!-- VerifyPriceTotalTest -->
        <test-method is-config="true" signature="closeBrowser()[pri:0, instance:testCases.Checkout_page_2_Test@2931522b]" started-at="2023-12-16T16:12:05 IST" name="closeBrowser" finished-at="2023-12-16T16:12:06 IST" duration-ms="295" status="PASS">
          <reporter-output>
          </reporter-output>
        </test-method> <!-- closeBrowser -->
        <test-method is-config="true" signature="setup()[pri:0, instance:testCases.Checkout_page_2_Test@2931522b]" started-at="2023-12-16T16:12:06 IST" name="setup" finished-at="2023-12-16T16:12:13 IST" duration-ms="7294" status="PASS">
          <reporter-output>
          </reporter-output>
        </test-method> <!-- setup -->
        <test-method signature="VerifyQTYtextTest()[pri:0, instance:testCases.Checkout_page_2_Test@2931522b]" started-at="2023-12-16T16:12:13 IST" name="VerifyQTYtextTest" finished-at="2023-12-16T16:12:16 IST" duration-ms="3559" status="PASS">
          <reporter-output>
            <line>
              <![CDATA[Verify QTY text =QTY]]>
            </line>
          </reporter-output>
        </test-method> <!-- VerifyQTYtextTest -->
        <test-method is-config="true" signature="closeBrowser()[pri:0, instance:testCases.Checkout_page_2_Test@2931522b]" started-at="2023-12-16T16:12:16 IST" name="closeBrowser" finished-at="2023-12-16T16:12:17 IST" duration-ms="230" status="PASS">
          <reporter-output>
          </reporter-output>
        </test-method> <!-- closeBrowser -->
        <test-method is-config="true" signature="setup()[pri:0, instance:testCases.Checkout_page_2_Test@2931522b]" started-at="2023-12-16T16:12:17 IST" name="setup" finished-at="2023-12-16T16:12:24 IST" duration-ms="7362" status="PASS">
          <reporter-output>
          </reporter-output>
        </test-method> <!-- setup -->
        <test-method signature="VerifySaucecardinfoTest()[pri:0, instance:testCases.Checkout_page_2_Test@2931522b]" started-at="2023-12-16T16:12:24 IST" name="VerifySaucecardinfoTest" finished-at="2023-12-16T16:12:28 IST" duration-ms="3542" status="PASS">
          <reporter-output>
            <line>
              <![CDATA[Saucecardinfo Text =SauceCard #31337]]>
            </line>
          </reporter-output>
        </test-method> <!-- VerifySaucecardinfoTest -->
        <test-method is-config="true" signature="closeBrowser()[pri:0, instance:testCases.Checkout_page_2_Test@2931522b]" started-at="2023-12-16T16:12:28 IST" name="closeBrowser" finished-at="2023-12-16T16:12:28 IST" duration-ms="195" status="PASS">
          <reporter-output>
          </reporter-output>
        </test-method> <!-- closeBrowser -->
        <test-method is-config="true" signature="setup()[pri:0, instance:testCases.Checkout_page_2_Test@2931522b]" started-at="2023-12-16T16:12:28 IST" name="setup" finished-at="2023-12-16T16:12:35 IST" duration-ms="7517" status="PASS">
          <reporter-output>
          </reporter-output>
        </test-method> <!-- setup -->
        <test-method signature="VerifyShippinginfoTest()[pri:0, instance:testCases.Checkout_page_2_Test@2931522b]" started-at="2023-12-16T16:12:35 IST" name="VerifyShippinginfoTest" finished-at="2023-12-16T16:12:39 IST" duration-ms="3590" status="PASS">
          <reporter-output>
            <line>
              <![CDATA[Shipping Information Text =Shipping Information]]>
            </line>
          </reporter-output>
        </test-method> <!-- VerifyShippinginfoTest -->
        <test-method is-config="true" signature="closeBrowser()[pri:0, instance:testCases.Checkout_page_2_Test@2931522b]" started-at="2023-12-16T16:12:39 IST" name="closeBrowser" finished-at="2023-12-16T16:12:39 IST" duration-ms="210" status="PASS">
          <reporter-output>
          </reporter-output>
        </test-method> <!-- closeBrowser -->
        <test-method is-config="true" signature="setup()[pri:0, instance:testCases.Checkout_page_2_Test@2931522b]" started-at="2023-12-16T16:12:39 IST" name="setup" finished-at="2023-12-16T16:12:47 IST" duration-ms="7807" status="PASS">
          <reporter-output>
          </reporter-output>
        </test-method> <!-- setup -->
        <test-method signature="VerifyTotalPriceTest()[pri:0, instance:testCases.Checkout_page_2_Test@2931522b]" started-at="2023-12-16T16:12:47 IST" name="VerifyTotalPriceTest" finished-at="2023-12-16T16:12:51 IST" duration-ms="3647" status="PASS">
          <reporter-output>
            <line>
              <![CDATA[Total Text =Total: $43.18]]>
            </line>
          </reporter-output>
        </test-method> <!-- VerifyTotalPriceTest -->
        <test-method is-config="true" signature="closeBrowser()[pri:0, instance:testCases.Checkout_page_2_Test@2931522b]" started-at="2023-12-16T16:12:51 IST" name="closeBrowser" finished-at="2023-12-16T16:12:51 IST" duration-ms="200" status="PASS">
          <reporter-output>
          </reporter-output>
        </test-method> <!-- closeBrowser -->
        <test-method is-config="true" signature="setup()[pri:0, instance:testCases.Checkout_page_2_Test@2931522b]" started-at="2023-12-16T16:12:51 IST" name="setup" finished-at="2023-12-16T16:12:58 IST" duration-ms="7664" status="PASS">
          <reporter-output>
          </reporter-output>
        </test-method> <!-- setup -->
        <test-method signature="Verifyitem1inchkpageTest()[pri:0, instance:testCases.Checkout_page_2_Test@2931522b]" started-at="2023-12-16T16:12:58 IST" name="Verifyitem1inchkpageTest" finished-at="2023-12-16T16:13:02 IST" duration-ms="3585" status="PASS">
          <reporter-output>
            <line>
              <![CDATA[Item present in Checkout page 2=true]]>
            </line>
          </reporter-output>
        </test-method> <!-- Verifyitem1inchkpageTest -->
        <test-method is-config="true" signature="closeBrowser()[pri:0, instance:testCases.Checkout_page_2_Test@2931522b]" started-at="2023-12-16T16:13:02 IST" name="closeBrowser" finished-at="2023-12-16T16:13:02 IST" duration-ms="205" status="PASS">
          <reporter-output>
          </reporter-output>
        </test-method> <!-- closeBrowser -->
      </class> <!-- testCases.Checkout_page_2_Test -->
      <class name="testCases.Cart_Page_Test">
        <test-method is-config="true" signature="setup()[pri:0, instance:testCases.Cart_Page_Test@14fa86ae]" started-at="2023-12-16T16:07:33 IST" name="setup" finished-at="2023-12-16T16:07:43 IST" duration-ms="9666" status="PASS">
          <reporter-output>
          </reporter-output>
        </test-method> <!-- setup -->
        <test-method signature="ProductpresentincartTest()[pri:0, instance:testCases.Cart_Page_Test@14fa86ae]" started-at="2023-12-16T16:07:43 IST" name="ProductpresentincartTest" finished-at="2023-12-16T16:07:43 IST" duration-ms="450" status="PASS">
          <reporter-output>
            <line>
              <![CDATA[Product present in cart=true]]>
            </line>
          </reporter-output>
        </test-method> <!-- ProductpresentincartTest -->
        <test-method is-config="true" signature="closeBrowser()[pri:0, instance:testCases.Cart_Page_Test@14fa86ae]" started-at="2023-12-16T16:07:43 IST" name="closeBrowser" finished-at="2023-12-16T16:07:43 IST" duration-ms="335" status="PASS">
          <reporter-output>
          </reporter-output>
        </test-method> <!-- closeBrowser -->
        <test-method is-config="true" signature="setup()[pri:0, instance:testCases.Cart_Page_Test@14fa86ae]" started-at="2023-12-16T16:07:43 IST" name="setup" finished-at="2023-12-16T16:07:51 IST" duration-ms="7343" status="PASS">
          <reporter-output>
          </reporter-output>
        </test-method> <!-- setup -->
        <test-method signature="RemoveProductfromCartTest()[pri:0, instance:testCases.Cart_Page_Test@14fa86ae]" started-at="2023-12-16T16:07:51 IST" name="RemoveProductfromCartTest" finished-at="2023-12-16T16:07:54 IST" duration-ms="3488" status="PASS">
          <reporter-output>
            <line>
              <![CDATA[No of Products removed into Cart= 1]]>
            </line>
          </reporter-output>
        </test-method> <!-- RemoveProductfromCartTest -->
        <test-method is-config="true" signature="closeBrowser()[pri:0, instance:testCases.Cart_Page_Test@14fa86ae]" started-at="2023-12-16T16:07:54 IST" name="closeBrowser" finished-at="2023-12-16T16:07:54 IST" duration-ms="225" status="PASS">
          <reporter-output>
          </reporter-output>
        </test-method> <!-- closeBrowser -->
        <test-method is-config="true" signature="setup()[pri:0, instance:testCases.Cart_Page_Test@14fa86ae]" started-at="2023-12-16T16:07:54 IST" name="setup" finished-at="2023-12-16T16:08:01 IST" duration-ms="6906" status="PASS">
          <reporter-output>
          </reporter-output>
        </test-method> <!-- setup -->
        <test-method signature="Verify3linesTest()[pri:0, instance:testCases.Cart_Page_Test@14fa86ae]" started-at="2023-12-16T16:08:01 IST" name="Verify3linesTest" finished-at="2023-12-16T16:08:02 IST" duration-ms="172" status="PASS">
          <reporter-output>
            <line>
              <![CDATA[Menu is displayed=true]]>
            </line>
          </reporter-output>
        </test-method> <!-- Verify3linesTest -->
        <test-method is-config="true" signature="closeBrowser()[pri:0, instance:testCases.Cart_Page_Test@14fa86ae]" started-at="2023-12-16T16:08:02 IST" name="closeBrowser" finished-at="2023-12-16T16:08:02 IST" duration-ms="300" status="PASS">
          <reporter-output>
          </reporter-output>
        </test-method> <!-- closeBrowser -->
        <test-method is-config="true" signature="setup()[pri:0, instance:testCases.Cart_Page_Test@14fa86ae]" started-at="2023-12-16T16:08:02 IST" name="setup" finished-at="2023-12-16T16:08:09 IST" duration-ms="7224" status="PASS">
          <reporter-output>
          </reporter-output>
        </test-method> <!-- setup -->
        <test-method signature="VerifyCheckoutbuttonTest()[pri:0, instance:testCases.Cart_Page_Test@14fa86ae]" started-at="2023-12-16T16:08:09 IST" name="VerifyCheckoutbuttonTest" finished-at="2023-12-16T16:08:10 IST" duration-ms="507" status="PASS">
          <reporter-output>
            <line>
              <![CDATA[after clicking Checkout button =https://www.saucedemo.com/checkout-step-one.html]]>
            </line>
          </reporter-output>
        </test-method> <!-- VerifyCheckoutbuttonTest -->
        <test-method is-config="true" signature="closeBrowser()[pri:0, instance:testCases.Cart_Page_Test@14fa86ae]" started-at="2023-12-16T16:08:10 IST" name="closeBrowser" finished-at="2023-12-16T16:08:10 IST" duration-ms="268" status="PASS">
          <reporter-output>
          </reporter-output>
        </test-method> <!-- closeBrowser -->
        <test-method is-config="true" signature="setup()[pri:0, instance:testCases.Cart_Page_Test@14fa86ae]" started-at="2023-12-16T16:08:10 IST" name="setup" finished-at="2023-12-16T16:08:17 IST" duration-ms="7211" status="PASS">
          <reporter-output>
          </reporter-output>
        </test-method> <!-- setup -->
        <test-method signature="VerifyContinueShoppingbuttonTest()[pri:0, instance:testCases.Cart_Page_Test@14fa86ae]" started-at="2023-12-16T16:08:17 IST" name="VerifyContinueShoppingbuttonTest" finished-at="2023-12-16T16:08:18 IST" duration-ms="447" status="PASS">
          <reporter-output>
            <line>
              <![CDATA[after clicking Continue shopping button =https://www.saucedemo.com/inventory.html]]>
            </line>
          </reporter-output>
        </test-method> <!-- VerifyContinueShoppingbuttonTest -->
        <test-method is-config="true" signature="closeBrowser()[pri:0, instance:testCases.Cart_Page_Test@14fa86ae]" started-at="2023-12-16T16:08:18 IST" name="closeBrowser" finished-at="2023-12-16T16:08:18 IST" duration-ms="245" status="PASS">
          <reporter-output>
          </reporter-output>
        </test-method> <!-- closeBrowser -->
        <test-method is-config="true" signature="setup()[pri:0, instance:testCases.Cart_Page_Test@14fa86ae]" started-at="2023-12-16T16:08:18 IST" name="setup" finished-at="2023-12-16T16:08:25 IST" duration-ms="7249" status="PASS">
          <reporter-output>
          </reporter-output>
        </test-method> <!-- setup -->
        <test-method signature="VerifyDiscriptionTest()[pri:0, instance:testCases.Cart_Page_Test@14fa86ae]" started-at="2023-12-16T16:08:25 IST" name="VerifyDiscriptionTest" finished-at="2023-12-16T16:08:25 IST" duration-ms="165" status="PASS">
          <reporter-output>
            <line>
              <![CDATA[Lable of Description is =Description]]>
            </line>
          </reporter-output>
        </test-method> <!-- VerifyDiscriptionTest -->
        <test-method is-config="true" signature="closeBrowser()[pri:0, instance:testCases.Cart_Page_Test@14fa86ae]" started-at="2023-12-16T16:08:25 IST" name="closeBrowser" finished-at="2023-12-16T16:08:25 IST" duration-ms="244" status="PASS">
          <reporter-output>
          </reporter-output>
        </test-method> <!-- closeBrowser -->
        <test-method is-config="true" signature="setup()[pri:0, instance:testCases.Cart_Page_Test@14fa86ae]" started-at="2023-12-16T16:08:25 IST" name="setup" finished-at="2023-12-16T16:08:32 IST" duration-ms="6958" status="PASS">
          <reporter-output>
          </reporter-output>
        </test-method> <!-- setup -->
        <test-method signature="VerifyQuantityTest()[pri:0, instance:testCases.Cart_Page_Test@14fa86ae]" started-at="2023-12-16T16:08:32 IST" name="VerifyQuantityTest" finished-at="2023-12-16T16:08:36 IST" duration-ms="3224" status="PASS">
          <reporter-output>
            <line>
              <![CDATA[Lable of Quantity is =QTY]]>
            </line>
          </reporter-output>
        </test-method> <!-- VerifyQuantityTest -->
        <test-method is-config="true" signature="closeBrowser()[pri:0, instance:testCases.Cart_Page_Test@14fa86ae]" started-at="2023-12-16T16:08:36 IST" name="closeBrowser" finished-at="2023-12-16T16:08:36 IST" duration-ms="215" status="PASS">
          <reporter-output>
          </reporter-output>
        </test-method> <!-- closeBrowser -->
        <test-method is-config="true" signature="setup()[pri:0, instance:testCases.Cart_Page_Test@14fa86ae]" started-at="2023-12-16T16:08:36 IST" name="setup" finished-at="2023-12-16T16:08:44 IST" duration-ms="8498" status="PASS">
          <reporter-output>
          </reporter-output>
        </test-method> <!-- setup -->
        <test-method signature="verifyFacebooklogoTest()[pri:0, instance:testCases.Cart_Page_Test@14fa86ae]" started-at="2023-12-16T16:08:44 IST" name="verifyFacebooklogoTest" finished-at="2023-12-16T16:08:44 IST" duration-ms="70" status="PASS">
          <reporter-output>
            <line>
              <![CDATA[visibility of FacebookLogo=true]]>
            </line>
          </reporter-output>
        </test-method> <!-- verifyFacebooklogoTest -->
        <test-method is-config="true" signature="closeBrowser()[pri:0, instance:testCases.Cart_Page_Test@14fa86ae]" started-at="2023-12-16T16:08:44 IST" name="closeBrowser" finished-at="2023-12-16T16:08:45 IST" duration-ms="270" status="PASS">
          <reporter-output>
          </reporter-output>
        </test-method> <!-- closeBrowser -->
        <test-method is-config="true" signature="setup()[pri:0, instance:testCases.Cart_Page_Test@14fa86ae]" started-at="2023-12-16T16:08:45 IST" name="setup" finished-at="2023-12-16T16:08:52 IST" duration-ms="6855" status="PASS">
          <reporter-output>
          </reporter-output>
        </test-method> <!-- setup -->
        <test-method signature="verifyLinkdeinlogoTest()[pri:0, instance:testCases.Cart_Page_Test@14fa86ae]" started-at="2023-12-16T16:08:52 IST" name="verifyLinkdeinlogoTest" finished-at="2023-12-16T16:08:52 IST" duration-ms="75" status="PASS">
          <reporter-output>
            <line>
              <![CDATA[visibility of LinkdeinLogo=true]]>
            </line>
          </reporter-output>
        </test-method> <!-- verifyLinkdeinlogoTest -->
        <test-method is-config="true" signature="closeBrowser()[pri:0, instance:testCases.Cart_Page_Test@14fa86ae]" started-at="2023-12-16T16:08:52 IST" name="closeBrowser" finished-at="2023-12-16T16:08:52 IST" duration-ms="345" status="PASS">
          <reporter-output>
          </reporter-output>
        </test-method> <!-- closeBrowser -->
        <test-method is-config="true" signature="setup()[pri:0, instance:testCases.Cart_Page_Test@14fa86ae]" started-at="2023-12-16T16:08:52 IST" name="setup" finished-at="2023-12-16T16:08:59 IST" duration-ms="7318" status="PASS">
          <reporter-output>
          </reporter-output>
        </test-method> <!-- setup -->
        <test-method signature="verifyTwitterlogoTest()[pri:0, instance:testCases.Cart_Page_Test@14fa86ae]" started-at="2023-12-16T16:08:59 IST" name="verifyTwitterlogoTest" finished-at="2023-12-16T16:08:59 IST" duration-ms="85" status="PASS">
          <reporter-output>
            <line>
              <![CDATA[Visibility of Twitter logo = true]]>
            </line>
          </reporter-output>
        </test-method> <!-- verifyTwitterlogoTest -->
        <test-method is-config="true" signature="closeBrowser()[pri:0, instance:testCases.Cart_Page_Test@14fa86ae]" started-at="2023-12-16T16:08:59 IST" name="closeBrowser" finished-at="2023-12-16T16:09:00 IST" duration-ms="504" status="PASS">
          <reporter-output>
          </reporter-output>
        </test-method> <!-- closeBrowser -->
        <test-method is-config="true" signature="setup()[pri:0, instance:testCases.Cart_Page_Test@14fa86ae]" started-at="2023-12-16T16:09:00 IST" name="setup" finished-at="2023-12-16T16:09:07 IST" duration-ms="7383" status="PASS">
          <reporter-output>
          </reporter-output>
        </test-method> <!-- setup -->
        <test-method signature="verifyYourCarttextTest()[pri:0, instance:testCases.Cart_Page_Test@14fa86ae]" started-at="2023-12-16T16:09:07 IST" name="verifyYourCarttextTest" finished-at="2023-12-16T16:09:07 IST" duration-ms="195" status="PASS">
          <reporter-output>
            <line>
              <![CDATA[Lable of =Your Cart]]>
            </line>
          </reporter-output>
        </test-method> <!-- verifyYourCarttextTest -->
        <test-method is-config="true" signature="closeBrowser()[pri:0, instance:testCases.Cart_Page_Test@14fa86ae]" started-at="2023-12-16T16:09:07 IST" name="closeBrowser" finished-at="2023-12-16T16:09:08 IST" duration-ms="300" status="PASS">
          <reporter-output>
          </reporter-output>
        </test-method> <!-- closeBrowser -->
        <test-method is-config="true" signature="setup()[pri:0, instance:testCases.Cart_Page_Test@14fa86ae]" started-at="2023-12-16T16:09:08 IST" name="setup" finished-at="2023-12-16T16:09:15 IST" duration-ms="7167" status="PASS">
          <reporter-output>
          </reporter-output>
        </test-method> <!-- setup -->
        <test-method signature="verifycarticonTest()[pri:0, instance:testCases.Cart_Page_Test@14fa86ae]" started-at="2023-12-16T16:09:15 IST" name="verifycarticonTest" finished-at="2023-12-16T16:09:18 IST" duration-ms="3128" status="PASS">
          <reporter-output>
            <line>
              <![CDATA[Cart page =https://www.saucedemo.com/cart.html]]>
            </line>
          </reporter-output>
        </test-method> <!-- verifycarticonTest -->
        <test-method is-config="true" signature="closeBrowser()[pri:0, instance:testCases.Cart_Page_Test@14fa86ae]" started-at="2023-12-16T16:09:18 IST" name="closeBrowser" finished-at="2023-12-16T16:09:18 IST" duration-ms="255" status="PASS">
          <reporter-output>
          </reporter-output>
        </test-method> <!-- closeBrowser -->
        <test-method is-config="true" signature="setup()[pri:0, instance:testCases.Cart_Page_Test@14fa86ae]" started-at="2023-12-16T16:09:18 IST" name="setup" finished-at="2023-12-16T16:09:26 IST" duration-ms="7761" status="PASS">
          <reporter-output>
          </reporter-output>
        </test-method> <!-- setup -->
        <test-method signature="verifyfootertextTest()[pri:0, instance:testCases.Cart_Page_Test@14fa86ae]" started-at="2023-12-16T16:09:26 IST" name="verifyfootertextTest" finished-at="2023-12-16T16:09:26 IST" duration-ms="70" status="PASS">
          <reporter-output>
            <line>
              <![CDATA[Footer text of the inventory page = © 2023 Sauce Labs. All Rights Reserved. Terms of Service | Privacy Policy]]>
            </line>
          </reporter-output>
        </test-method> <!-- verifyfootertextTest -->
        <test-method is-config="true" signature="closeBrowser()[pri:0, instance:testCases.Cart_Page_Test@14fa86ae]" started-at="2023-12-16T16:09:26 IST" name="closeBrowser" finished-at="2023-12-16T16:09:26 IST" duration-ms="256" status="PASS">
          <reporter-output>
          </reporter-output>
        </test-method> <!-- closeBrowser -->
        <test-method is-config="true" signature="setup()[pri:0, instance:testCases.Cart_Page_Test@14fa86ae]" started-at="2023-12-16T16:09:26 IST" name="setup" finished-at="2023-12-16T16:09:33 IST" duration-ms="6891" status="PASS">
          <reporter-output>
          </reporter-output>
        </test-method> <!-- setup -->
        <test-method signature="verifyproductaddedintoCartTest()[pri:0, instance:testCases.Cart_Page_Test@14fa86ae]" started-at="2023-12-16T16:09:33 IST" name="verifyproductaddedintoCartTest" finished-at="2023-12-16T16:09:37 IST" duration-ms="3405" status="PASS">
          <reporter-output>
            <line>
              <![CDATA[No of Products added into Cart= 2]]>
            </line>
          </reporter-output>
        </test-method> <!-- verifyproductaddedintoCartTest -->
        <test-method is-config="true" signature="closeBrowser()[pri:0, instance:testCases.Cart_Page_Test@14fa86ae]" started-at="2023-12-16T16:09:37 IST" name="closeBrowser" finished-at="2023-12-16T16:09:37 IST" duration-ms="285" status="PASS">
          <reporter-output>
          </reporter-output>
        </test-method> <!-- closeBrowser -->
      </class> <!-- testCases.Cart_Page_Test -->
      <class name="testCases.LoginPageTest">
        <test-method is-config="true" signature="setup()[pri:0, instance:testCases.LoginPageTest@5be49b60]" started-at="2023-12-16T16:10:20 IST" name="setup" finished-at="2023-12-16T16:10:26 IST" duration-ms="6523" status="PASS">
          <reporter-output>
          </reporter-output>
        </test-method> <!-- setup -->
        <test-method signature="loginToApplicationTest()[pri:0, instance:testCases.LoginPageTest@5be49b60]" started-at="2023-12-16T16:10:26 IST" name="loginToApplicationTest" finished-at="2023-12-16T16:10:28 IST" duration-ms="1964" status="PASS">
          <reporter-output>
          </reporter-output>
        </test-method> <!-- loginToApplicationTest -->
        <test-method is-config="true" signature="closeBrowser(org.testng.ITestResult)[pri:0, instance:testCases.LoginPageTest@5be49b60]" started-at="2023-12-16T16:10:28 IST" name="closeBrowser" finished-at="2023-12-16T16:10:29 IST" duration-ms="972" status="PASS">
          <params>
            <param index="0">
              <value>
                <![CDATA[[TestResult name=loginToApplicationTest status=SUCCESS method=LoginPageTest.loginToApplicationTest()[pri:0, instance:testCases.LoginPageTest@5be49b60] output={null}]]]>
              </value>
            </param>
          </params>
          <reporter-output>
          </reporter-output>
        </test-method> <!-- closeBrowser -->
        <test-method is-config="true" signature="setup()[pri:0, instance:testCases.LoginPageTest@5be49b60]" started-at="2023-12-16T16:10:29 IST" name="setup" finished-at="2023-12-16T16:10:36 IST" duration-ms="6818" status="PASS">
          <reporter-output>
          </reporter-output>
        </test-method> <!-- setup -->
        <test-method signature="verifyURlofApplication()[pri:0, instance:testCases.LoginPageTest@5be49b60]" started-at="2023-12-16T16:10:36 IST" name="verifyURlofApplication" finished-at="2023-12-16T16:10:36 IST" duration-ms="51" status="PASS">
          <reporter-output>
          </reporter-output>
        </test-method> <!-- verifyURlofApplication -->
        <test-method is-config="true" signature="closeBrowser(org.testng.ITestResult)[pri:0, instance:testCases.LoginPageTest@5be49b60]" started-at="2023-12-16T16:10:36 IST" name="closeBrowser" finished-at="2023-12-16T16:10:36 IST" duration-ms="365" status="PASS">
          <params>
            <param index="0">
              <value>
                <![CDATA[[TestResult name=verifyURlofApplication status=SUCCESS method=LoginPageTest.verifyURlofApplication()[pri:0, instance:testCases.LoginPageTest@5be49b60] output={null}]]]>
              </value>
            </param>
          </params>
          <reporter-output>
          </reporter-output>
        </test-method> <!-- closeBrowser -->
        <test-method is-config="true" signature="setup()[pri:0, instance:testCases.LoginPageTest@5be49b60]" started-at="2023-12-16T16:10:36 IST" name="setup" finished-at="2023-12-16T16:10:43 IST" duration-ms="6275" status="PASS">
          <reporter-output>
          </reporter-output>
        </test-method> <!-- setup -->
        <test-method signature="verifytitleofApplicationTest()[pri:1, instance:testCases.LoginPageTest@5be49b60]" started-at="2023-12-16T16:10:43 IST" name="verifytitleofApplicationTest" finished-at="2023-12-16T16:10:43 IST" duration-ms="57" status="PASS">
          <reporter-output>
          </reporter-output>
        </test-method> <!-- verifytitleofApplicationTest -->
        <test-method is-config="true" signature="closeBrowser(org.testng.ITestResult)[pri:0, instance:testCases.LoginPageTest@5be49b60]" started-at="2023-12-16T16:10:43 IST" name="closeBrowser" finished-at="2023-12-16T16:10:43 IST" duration-ms="308" status="PASS">
          <params>
            <param index="0">
              <value>
                <![CDATA[[TestResult name=verifytitleofApplicationTest status=SUCCESS method=LoginPageTest.verifytitleofApplicationTest()[pri:1, instance:testCases.LoginPageTest@5be49b60] output={null}]]]>
              </value>
            </param>
          </params>
          <reporter-output>
          </reporter-output>
        </test-method> <!-- closeBrowser -->
      </class> <!-- testCases.LoginPageTest -->
      <class name="testCases.Complete_page_Test">
        <test-method is-config="true" signature="setup()[pri:0, instance:testCases.Complete_page_Test@7674b62c]" started-at="2023-12-16T16:13:02 IST" name="setup" finished-at="2023-12-16T16:13:13 IST" duration-ms="11139" status="PASS">
          <reporter-output>
          </reporter-output>
        </test-method> <!-- setup -->
        <test-method signature="BacktoHomebtnTest()[pri:0, instance:testCases.Complete_page_Test@7674b62c]" started-at="2023-12-16T16:13:13 IST" name="BacktoHomebtnTest" finished-at="2023-12-16T16:13:14 IST" duration-ms="125" status="PASS">
          <reporter-output>
            <line>
              <![CDATA[Backto Home btn working= https://www.saucedemo.com/inventory.html]]>
            </line>
          </reporter-output>
        </test-method> <!-- BacktoHomebtnTest -->
        <test-method is-config="true" signature="closeBrowser()[pri:0, instance:testCases.Complete_page_Test@7674b62c]" started-at="2023-12-16T16:13:14 IST" name="closeBrowser" finished-at="2023-12-16T16:13:14 IST" duration-ms="210" status="PASS">
          <reporter-output>
          </reporter-output>
        </test-method> <!-- closeBrowser -->
        <test-method is-config="true" signature="setup()[pri:0, instance:testCases.Complete_page_Test@7674b62c]" started-at="2023-12-16T16:13:14 IST" name="setup" finished-at="2023-12-16T16:13:25 IST" duration-ms="11319" status="PASS">
          <reporter-output>
          </reporter-output>
        </test-method> <!-- setup -->
        <test-method signature="VerifyCheckoutCompleteTest()[pri:0, instance:testCases.Complete_page_Test@7674b62c]" started-at="2023-12-16T16:13:25 IST" name="VerifyCheckoutCompleteTest" finished-at="2023-12-16T16:13:25 IST" duration-ms="50" status="PASS">
          <reporter-output>
            <line>
              <![CDATA[Verify Checkout Complete Text = Checkout: Complete!]]>
            </line>
          </reporter-output>
        </test-method> <!-- VerifyCheckoutCompleteTest -->
        <test-method is-config="true" signature="closeBrowser()[pri:0, instance:testCases.Complete_page_Test@7674b62c]" started-at="2023-12-16T16:13:25 IST" name="closeBrowser" finished-at="2023-12-16T16:13:25 IST" duration-ms="225" status="PASS">
          <reporter-output>
          </reporter-output>
        </test-method> <!-- closeBrowser -->
        <test-method is-config="true" signature="setup()[pri:0, instance:testCases.Complete_page_Test@7674b62c]" started-at="2023-12-16T16:13:25 IST" name="setup" finished-at="2023-12-16T16:13:36 IST" duration-ms="10806" status="PASS">
          <reporter-output>
          </reporter-output>
        </test-method> <!-- setup -->
        <test-method signature="VerifyCompTickimgTest()[pri:0, instance:testCases.Complete_page_Test@7674b62c]" started-at="2023-12-16T16:13:36 IST" name="VerifyCompTickimgTest" finished-at="2023-12-16T16:13:36 IST" duration-ms="60" status="PASS">
          <reporter-output>
            <line>
              <![CDATA[Complete Tick is Verified+true]]>
            </line>
          </reporter-output>
        </test-method> <!-- VerifyCompTickimgTest -->
        <test-method is-config="true" signature="closeBrowser()[pri:0, instance:testCases.Complete_page_Test@7674b62c]" started-at="2023-12-16T16:13:36 IST" name="closeBrowser" finished-at="2023-12-16T16:13:36 IST" duration-ms="215" status="PASS">
          <reporter-output>
          </reporter-output>
        </test-method> <!-- closeBrowser -->
        <test-method is-config="true" signature="setup()[pri:0, instance:testCases.Complete_page_Test@7674b62c]" started-at="2023-12-16T16:13:36 IST" name="setup" finished-at="2023-12-16T16:13:47 IST" duration-ms="10752" status="PASS">
          <reporter-output>
          </reporter-output>
        </test-method> <!-- setup -->
        <test-method signature="VerifyThankyoumsgTest()[pri:0, instance:testCases.Complete_page_Test@7674b62c]" started-at="2023-12-16T16:13:47 IST" name="VerifyThankyoumsgTest" finished-at="2023-12-16T16:13:47 IST" duration-ms="50" status="PASS">
          <reporter-output>
            <line>
              <![CDATA[Verify Thankyou msg Text = Thank you for your order!]]>
            </line>
          </reporter-output>
        </test-method> <!-- VerifyThankyoumsgTest -->
        <test-method is-config="true" signature="closeBrowser()[pri:0, instance:testCases.Complete_page_Test@7674b62c]" started-at="2023-12-16T16:13:47 IST" name="closeBrowser" finished-at="2023-12-16T16:13:47 IST" duration-ms="225" status="PASS">
          <reporter-output>
          </reporter-output>
        </test-method> <!-- closeBrowser -->
        <test-method is-config="true" signature="setup()[pri:0, instance:testCases.Complete_page_Test@7674b62c]" started-at="2023-12-16T16:13:47 IST" name="setup" finished-at="2023-12-16T16:13:59 IST" duration-ms="11205" status="PASS">
          <reporter-output>
          </reporter-output>
        </test-method> <!-- setup -->
        <test-method signature="VerifydispatchMsgTest()[pri:0, instance:testCases.Complete_page_Test@7674b62c]" started-at="2023-12-16T16:13:59 IST" name="VerifydispatchMsgTest" finished-at="2023-12-16T16:13:59 IST" duration-ms="60" status="PASS">
          <reporter-output>
            <line>
              <![CDATA[Verify dispatch Msg text = Your order has been dispatched, and will arrive just as fast as the pony can get there!]]>
            </line>
          </reporter-output>
        </test-method> <!-- VerifydispatchMsgTest -->
        <test-method is-config="true" signature="closeBrowser()[pri:0, instance:testCases.Complete_page_Test@7674b62c]" started-at="2023-12-16T16:13:59 IST" name="closeBrowser" finished-at="2023-12-16T16:13:59 IST" duration-ms="211" status="PASS">
          <reporter-output>
          </reporter-output>
        </test-method> <!-- closeBrowser -->
      </class> <!-- testCases.Complete_page_Test -->
      <class name="testCases.VerifyMultiple_Credentials_Test">
        <test-method is-config="true" signature="setup()[pri:0, instance:testCases.VerifyMultiple_Credentials_Test@5117dd67]" started-at="2023-12-16T16:09:37 IST" name="setup" finished-at="2023-12-16T16:09:45 IST" duration-ms="7724" status="PASS">
          <reporter-output>
          </reporter-output>
        </test-method> <!-- setup -->
        <test-method signature="logintoAppWithmultiCredsTest(java.lang.String,java.lang.String)[pri:0, instance:testCases.VerifyMultiple_Credentials_Test@5117dd67]" started-at="2023-12-16T16:09:45 IST" name="logintoAppWithmultiCredsTest" data-provider="Credentials" finished-at="2023-12-16T16:09:45 IST" duration-ms="503" status="PASS">
          <params>
            <param index="0">
              <value>
                <![CDATA[standard_user]]>
              </value>
            </param>
            <param index="1">
              <value>
                <![CDATA[secret_sauce]]>
              </value>
            </param>
          </params>
          <reporter-output>
          </reporter-output>
        </test-method> <!-- logintoAppWithmultiCredsTest -->
        <test-method is-config="true" signature="closeBrowser(org.testng.ITestResult)[pri:0, instance:testCases.VerifyMultiple_Credentials_Test@5117dd67]" started-at="2023-12-16T16:09:45 IST" name="closeBrowser" finished-at="2023-12-16T16:09:46 IST" duration-ms="287" status="PASS">
          <params>
            <param index="0">
              <value>
                <![CDATA[[TestResult name=logintoAppWithmultiCredsTest status=SUCCESS method=VerifyMultiple_Credentials_Test.logintoAppWithmultiCredsTest(java.lang.String,java.lang.String)[pri:0, instance:testCases.VerifyMultiple_Credentials_Test@5117dd67] output={null}]]]>
              </value>
            </param>
          </params>
          <reporter-output>
          </reporter-output>
        </test-method> <!-- closeBrowser -->
        <test-method is-config="true" signature="setup()[pri:0, instance:testCases.VerifyMultiple_Credentials_Test@5117dd67]" started-at="2023-12-16T16:09:46 IST" name="setup" finished-at="2023-12-16T16:09:52 IST" duration-ms="6212" status="PASS">
          <reporter-output>
          </reporter-output>
        </test-method> <!-- setup -->
        <test-method signature="logintoAppWithmultiCredsTest(java.lang.String,java.lang.String)[pri:0, instance:testCases.VerifyMultiple_Credentials_Test@5117dd67]" started-at="2023-12-16T16:09:52 IST" name="logintoAppWithmultiCredsTest" data-provider="Credentials" finished-at="2023-12-16T16:09:52 IST" duration-ms="486" status="PASS">
          <params>
            <param index="0">
              <value>
                <![CDATA[problem_user]]>
              </value>
            </param>
            <param index="1">
              <value>
                <![CDATA[secret_sauce]]>
              </value>
            </param>
          </params>
          <reporter-output>
          </reporter-output>
        </test-method> <!-- logintoAppWithmultiCredsTest -->
        <test-method is-config="true" signature="closeBrowser(org.testng.ITestResult)[pri:0, instance:testCases.VerifyMultiple_Credentials_Test@5117dd67]" started-at="2023-12-16T16:09:52 IST" name="closeBrowser" finished-at="2023-12-16T16:09:52 IST" duration-ms="249" status="PASS">
          <params>
            <param index="0">
              <value>
                <![CDATA[[TestResult name=logintoAppWithmultiCredsTest status=SUCCESS method=VerifyMultiple_Credentials_Test.logintoAppWithmultiCredsTest(java.lang.String,java.lang.String)[pri:0, instance:testCases.VerifyMultiple_Credentials_Test@5117dd67] output={null}]]]>
              </value>
            </param>
          </params>
          <reporter-output>
          </reporter-output>
        </test-method> <!-- closeBrowser -->
        <test-method is-config="true" signature="setup()[pri:0, instance:testCases.VerifyMultiple_Credentials_Test@5117dd67]" started-at="2023-12-16T16:09:52 IST" name="setup" finished-at="2023-12-16T16:09:59 IST" duration-ms="6685" status="PASS">
          <reporter-output>
          </reporter-output>
        </test-method> <!-- setup -->
        <test-method signature="logintoAppWithmultiCredsTest(java.lang.String,java.lang.String)[pri:0, instance:testCases.VerifyMultiple_Credentials_Test@5117dd67]" started-at="2023-12-16T16:09:59 IST" name="logintoAppWithmultiCredsTest" data-provider="Credentials" finished-at="2023-12-16T16:10:05 IST" duration-ms="5539" status="PASS">
          <params>
            <param index="0">
              <value>
                <![CDATA[performance_glitch_user]]>
              </value>
            </param>
            <param index="1">
              <value>
                <![CDATA[secret_sauce]]>
              </value>
            </param>
          </params>
          <reporter-output>
          </reporter-output>
        </test-method> <!-- logintoAppWithmultiCredsTest -->
        <test-method is-config="true" signature="closeBrowser(org.testng.ITestResult)[pri:0, instance:testCases.VerifyMultiple_Credentials_Test@5117dd67]" started-at="2023-12-16T16:10:05 IST" name="closeBrowser" finished-at="2023-12-16T16:10:05 IST" duration-ms="295" status="PASS">
          <params>
            <param index="0">
              <value>
                <![CDATA[[TestResult name=logintoAppWithmultiCredsTest status=SUCCESS method=VerifyMultiple_Credentials_Test.logintoAppWithmultiCredsTest(java.lang.String,java.lang.String)[pri:0, instance:testCases.VerifyMultiple_Credentials_Test@5117dd67] output={null}]]]>
              </value>
            </param>
          </params>
          <reporter-output>
          </reporter-output>
        </test-method> <!-- closeBrowser -->
        <test-method is-config="true" signature="setup()[pri:0, instance:testCases.VerifyMultiple_Credentials_Test@5117dd67]" started-at="2023-12-16T16:10:05 IST" name="setup" finished-at="2023-12-16T16:10:11 IST" duration-ms="6269" status="PASS">
          <reporter-output>
          </reporter-output>
        </test-method> <!-- setup -->
        <test-method signature="logintoAppWithmultiCredsTest(java.lang.String,java.lang.String)[pri:0, instance:testCases.VerifyMultiple_Credentials_Test@5117dd67]" started-at="2023-12-16T16:10:11 IST" name="logintoAppWithmultiCredsTest" data-provider="Credentials" finished-at="2023-12-16T16:10:12 IST" duration-ms="534" status="PASS">
          <params>
            <param index="0">
              <value>
                <![CDATA[error_user]]>
              </value>
            </param>
            <param index="1">
              <value>
                <![CDATA[secret_sauce]]>
              </value>
            </param>
          </params>
          <reporter-output>
          </reporter-output>
        </test-method> <!-- logintoAppWithmultiCredsTest -->
        <test-method is-config="true" signature="closeBrowser(org.testng.ITestResult)[pri:0, instance:testCases.VerifyMultiple_Credentials_Test@5117dd67]" started-at="2023-12-16T16:10:12 IST" name="closeBrowser" finished-at="2023-12-16T16:10:12 IST" duration-ms="277" status="PASS">
          <params>
            <param index="0">
              <value>
                <![CDATA[[TestResult name=logintoAppWithmultiCredsTest status=SUCCESS method=VerifyMultiple_Credentials_Test.logintoAppWithmultiCredsTest(java.lang.String,java.lang.String)[pri:0, instance:testCases.VerifyMultiple_Credentials_Test@5117dd67] output={null}]]]>
              </value>
            </param>
          </params>
          <reporter-output>
          </reporter-output>
        </test-method> <!-- closeBrowser -->
        <test-method is-config="true" signature="setup()[pri:0, instance:testCases.VerifyMultiple_Credentials_Test@5117dd67]" started-at="2023-12-16T16:10:12 IST" name="setup" finished-at="2023-12-16T16:10:19 IST" duration-ms="6660" status="PASS">
          <reporter-output>
          </reporter-output>
        </test-method> <!-- setup -->
        <test-method signature="logintoAppWithmultiCredsTest(java.lang.String,java.lang.String)[pri:0, instance:testCases.VerifyMultiple_Credentials_Test@5117dd67]" started-at="2023-12-16T16:10:19 IST" name="logintoAppWithmultiCredsTest" data-provider="Credentials" finished-at="2023-12-16T16:10:19 IST" duration-ms="490" status="PASS">
          <params>
            <param index="0">
              <value>
                <![CDATA[visual_user]]>
              </value>
            </param>
            <param index="1">
              <value>
                <![CDATA[secret_sauce]]>
              </value>
            </param>
          </params>
          <reporter-output>
          </reporter-output>
        </test-method> <!-- logintoAppWithmultiCredsTest -->
        <test-method is-config="true" signature="closeBrowser(org.testng.ITestResult)[pri:0, instance:testCases.VerifyMultiple_Credentials_Test@5117dd67]" started-at="2023-12-16T16:10:19 IST" name="closeBrowser" finished-at="2023-12-16T16:10:20 IST" duration-ms="294" status="PASS">
          <params>
            <param index="0">
              <value>
                <![CDATA[[TestResult name=logintoAppWithmultiCredsTest status=SUCCESS method=VerifyMultiple_Credentials_Test.logintoAppWithmultiCredsTest(java.lang.String,java.lang.String)[pri:0, instance:testCases.VerifyMultiple_Credentials_Test@5117dd67] output={null}]]]>
              </value>
            </param>
          </params>
          <reporter-output>
          </reporter-output>
        </test-method> <!-- closeBrowser -->
      </class> <!-- testCases.VerifyMultiple_Credentials_Test -->
      <class name="testCases.Inventory_page_2_Test">
        <test-method is-config="true" signature="setup()[pri:0, instance:testCases.Inventory_page_2_Test@19e7a160]" started-at="2023-12-16T16:13:59 IST" name="setup" finished-at="2023-12-16T16:14:08 IST" duration-ms="8811" status="PASS">
          <reporter-output>
          </reporter-output>
        </test-method> <!-- setup -->
        <test-method signature="Verify3linesTest()[pri:0, instance:testCases.Inventory_page_2_Test@19e7a160]" started-at="2023-12-16T16:14:08 IST" name="Verify3linesTest" finished-at="2023-12-16T16:14:08 IST" duration-ms="150" status="PASS">
          <reporter-output>
            <line>
              <![CDATA[Menu is displayed=true]]>
            </line>
          </reporter-output>
        </test-method> <!-- Verify3linesTest -->
        <test-method is-config="true" signature="closeBrowser()[pri:0, instance:testCases.Inventory_page_2_Test@19e7a160]" started-at="2023-12-16T16:14:08 IST" name="closeBrowser" finished-at="2023-12-16T16:14:08 IST" duration-ms="330" status="PASS">
          <reporter-output>
          </reporter-output>
        </test-method> <!-- closeBrowser -->
        <test-method is-config="true" signature="setup()[pri:0, instance:testCases.Inventory_page_2_Test@19e7a160]" started-at="2023-12-16T16:14:08 IST" name="setup" finished-at="2023-12-16T16:14:15 IST" duration-ms="7165" status="PASS">
          <reporter-output>
          </reporter-output>
        </test-method> <!-- setup -->
        <test-method signature="add6productsTest()[pri:0, instance:testCases.Inventory_page_2_Test@19e7a160]" started-at="2023-12-16T16:14:15 IST" name="add6productsTest" finished-at="2023-12-16T16:14:16 IST" duration-ms="1011" status="PASS">
          <reporter-output>
            <line>
              <![CDATA[Total number of product added to cart = 6]]>
            </line>
          </reporter-output>
        </test-method> <!-- add6productsTest -->
        <test-method is-config="true" signature="closeBrowser()[pri:0, instance:testCases.Inventory_page_2_Test@19e7a160]" started-at="2023-12-16T16:14:16 IST" name="closeBrowser" finished-at="2023-12-16T16:14:17 IST" duration-ms="245" status="PASS">
          <reporter-output>
          </reporter-output>
        </test-method> <!-- closeBrowser -->
        <test-method is-config="true" signature="setup()[pri:0, instance:testCases.Inventory_page_2_Test@19e7a160]" started-at="2023-12-16T16:14:17 IST" name="setup" finished-at="2023-12-16T16:14:24 IST" duration-ms="7046" status="PASS">
          <reporter-output>
          </reporter-output>
        </test-method> <!-- setup -->
        <test-method signature="verifyFacebooklogoTest()[pri:0, instance:testCases.Inventory_page_2_Test@19e7a160]" started-at="2023-12-16T16:14:24 IST" name="verifyFacebooklogoTest" finished-at="2023-12-16T16:14:24 IST" duration-ms="60" status="PASS">
          <reporter-output>
            <line>
              <![CDATA[visibility of FacebookLogo=true]]>
            </line>
          </reporter-output>
        </test-method> <!-- verifyFacebooklogoTest -->
        <test-method is-config="true" signature="closeBrowser()[pri:0, instance:testCases.Inventory_page_2_Test@19e7a160]" started-at="2023-12-16T16:14:24 IST" name="closeBrowser" finished-at="2023-12-16T16:14:24 IST" duration-ms="235" status="PASS">
          <reporter-output>
          </reporter-output>
        </test-method> <!-- closeBrowser -->
        <test-method is-config="true" signature="setup()[pri:0, instance:testCases.Inventory_page_2_Test@19e7a160]" started-at="2023-12-16T16:14:24 IST" name="setup" finished-at="2023-12-16T16:14:31 IST" duration-ms="7205" status="PASS">
          <reporter-output>
          </reporter-output>
        </test-method> <!-- setup -->
        <test-method signature="verifyLinkdeinlogoTest()[pri:0, instance:testCases.Inventory_page_2_Test@19e7a160]" started-at="2023-12-16T16:14:31 IST" name="verifyLinkdeinlogoTest" finished-at="2023-12-16T16:14:31 IST" duration-ms="55" status="PASS">
          <reporter-output>
            <line>
              <![CDATA[visibility of LinkdeinLogo=true]]>
            </line>
          </reporter-output>
        </test-method> <!-- verifyLinkdeinlogoTest -->
        <test-method is-config="true" signature="closeBrowser()[pri:0, instance:testCases.Inventory_page_2_Test@19e7a160]" started-at="2023-12-16T16:14:31 IST" name="closeBrowser" finished-at="2023-12-16T16:14:31 IST" duration-ms="215" status="PASS">
          <reporter-output>
          </reporter-output>
        </test-method> <!-- closeBrowser -->
        <test-method is-config="true" signature="setup()[pri:0, instance:testCases.Inventory_page_2_Test@19e7a160]" started-at="2023-12-16T16:14:31 IST" name="setup" finished-at="2023-12-16T16:14:38 IST" duration-ms="6910" status="PASS">
          <reporter-output>
          </reporter-output>
        </test-method> <!-- setup -->
        <test-method signature="verifyfootertextTest()[pri:0, instance:testCases.Inventory_page_2_Test@19e7a160]" started-at="2023-12-16T16:14:38 IST" name="verifyfootertextTest" finished-at="2023-12-16T16:14:38 IST" duration-ms="65" status="PASS">
          <reporter-output>
            <line>
              <![CDATA[Footer text of the inventory page = © 2023 Sauce Labs. All Rights Reserved. Terms of Service | Privacy Policy]]>
            </line>
          </reporter-output>
        </test-method> <!-- verifyfootertextTest -->
        <test-method is-config="true" signature="closeBrowser()[pri:0, instance:testCases.Inventory_page_2_Test@19e7a160]" started-at="2023-12-16T16:14:38 IST" name="closeBrowser" finished-at="2023-12-16T16:14:39 IST" duration-ms="170" status="PASS">
          <reporter-output>
          </reporter-output>
        </test-method> <!-- closeBrowser -->
        <test-method is-config="true" signature="setup()[pri:0, instance:testCases.Inventory_page_2_Test@19e7a160]" started-at="2023-12-16T16:14:39 IST" name="setup" finished-at="2023-12-16T16:14:46 IST" duration-ms="7295" status="PASS">
          <reporter-output>
          </reporter-output>
        </test-method> <!-- setup -->
        <test-method signature="verifyproductslabelTest()[pri:0, instance:testCases.Inventory_page_2_Test@19e7a160]" started-at="2023-12-16T16:14:46 IST" name="verifyproductslabelTest" finished-at="2023-12-16T16:14:46 IST" duration-ms="115" status="PASS">
          <reporter-output>
            <line>
              <![CDATA[Lable of Inventory Page =Products]]>
            </line>
          </reporter-output>
        </test-method> <!-- verifyproductslabelTest -->
        <test-method is-config="true" signature="closeBrowser()[pri:0, instance:testCases.Inventory_page_2_Test@19e7a160]" started-at="2023-12-16T16:14:46 IST" name="closeBrowser" finished-at="2023-12-16T16:14:46 IST" duration-ms="155" status="PASS">
          <reporter-output>
          </reporter-output>
        </test-method> <!-- closeBrowser -->
        <test-method is-config="true" signature="setup()[pri:0, instance:testCases.Inventory_page_2_Test@19e7a160]" started-at="2023-12-16T16:14:46 IST" name="setup" finished-at="2023-12-16T16:14:55 IST" duration-ms="8564" status="PASS">
          <reporter-output>
          </reporter-output>
        </test-method> <!-- setup -->
        <test-method signature="verifytwitterlogoTest()[pri:0, instance:testCases.Inventory_page_2_Test@19e7a160]" started-at="2023-12-16T16:14:55 IST" name="verifytwitterlogoTest" finished-at="2023-12-16T16:14:55 IST" duration-ms="55" status="PASS">
          <reporter-output>
            <line>
              <![CDATA[visibility of TwitterLogo=true]]>
            </line>
          </reporter-output>
        </test-method> <!-- verifytwitterlogoTest -->
        <test-method is-config="true" signature="closeBrowser()[pri:0, instance:testCases.Inventory_page_2_Test@19e7a160]" started-at="2023-12-16T16:14:55 IST" name="closeBrowser" finished-at="2023-12-16T16:14:55 IST" duration-ms="160" status="PASS">
          <reporter-output>
          </reporter-output>
        </test-method> <!-- closeBrowser -->
      </class> <!-- testCases.Inventory_page_2_Test -->
    </test> <!-- AllTestCases -->
  </suite> <!-- Full_Swaglab_TestCases_Suite -->
</testng-results>
