<?xml version="1.0" encoding="UTF-8"?>
<!-- Generated by org.testng.reporters.JUnitXMLReporter -->
<testsuite ignored="21" hostname="DESKTOP-OP86SSF" failures="0" tests="3" name="Test(failed)" time="34.824" errors="0" timestamp="2023-12-05T16:31:25 IST">
  <testcase classname="testCases.Cart_Page_Test" name="verifyYourCarttextTest" time="0.295"/>
  <testcase classname="testCases.LoginPageTest" name="verifytitleofApplicationTest" time="0.02"/>
  <testcase classname="testCases.Inventory_page_2_Test" name="verifyproductslabelTest" time="0.07"/>
  <testcase classname="testCases.Cart_Page_Test" name="ProductpresentincartTest" time="0.0">
    <ignored/>
  </testcase> <!-- ProductpresentincartTest -->
  <testcase classname="testCases.Cart_Page_Test" name="Verify3linesTest" time="0.0">
    <ignored/>
  </testcase> <!-- Verify3linesTest -->
  <testcase classname="testCases.Cart_Page_Test" name="verifyTwitterlogoTest" time="0.0">
    <ignored/>
  </testcase> <!-- verifyTwitterlogoTest -->
  <testcase classname="testCases.Cart_Page_Test" name="VerifyCheckoutbuttonTest" time="0.0">
    <ignored/>
  </testcase> <!-- VerifyCheckoutbuttonTest -->
  <testcase classname="testCases.LoginPageTest" name="loginToApplicationTest" time="0.0">
    <ignored/>
  </testcase> <!-- loginToApplicationTest -->
  <testcase classname="testCases.Inventory_page_2_Test" name="verifyfootertextTest" time="0.0">
    <ignored/>
  </testcase> <!-- verifyfootertextTest -->
  <testcase classname="testCases.Inventory_page_2_Test" name="Verify3linesTest" time="0.0">
    <ignored/>
  </testcase> <!-- Verify3linesTest -->
  <testcase classname="testCases.Cart_Page_Test" name="verifyLinkdeinlogoTest" time="0.0">
    <ignored/>
  </testcase> <!-- verifyLinkdeinlogoTest -->
  <testcase classname="testCases.Inventory_page_2_Test" name="verifyFacebooklogoTest" time="0.0">
    <ignored/>
  </testcase> <!-- verifyFacebooklogoTest -->
  <testcase classname="testCases.Cart_Page_Test" name="verifyFacebooklogoTest" time="0.0">
    <ignored/>
  </testcase> <!-- verifyFacebooklogoTest -->
  <testcase classname="testCases.Cart_Page_Test" name="VerifyQuantityTest" time="0.0">
    <ignored/>
  </testcase> <!-- VerifyQuantityTest -->
  <testcase classname="testCases.Cart_Page_Test" name="VerifyContinueShoppingbuttonTest" time="0.0">
    <ignored/>
  </testcase> <!-- VerifyContinueShoppingbuttonTest -->
  <testcase classname="testCases.Inventory_page_2_Test" name="add6productsTest" time="0.0">
    <ignored/>
  </testcase> <!-- add6productsTest -->
  <testcase classname="testCases.Cart_Page_Test" name="verifyproductaddedintoCartTest" time="0.0">
    <ignored/>
  </testcase> <!-- verifyproductaddedintoCartTest -->
  <testcase classname="testCases.LoginPageTest" name="verifyURlofApplication" time="0.0">
    <ignored/>
  </testcase> <!-- verifyURlofApplication -->
  <testcase classname="testCases.Cart_Page_Test" name="VerifyDiscriptionTest" time="0.0">
    <ignored/>
  </testcase> <!-- VerifyDiscriptionTest -->
  <testcase classname="testCases.Inventory_page_2_Test" name="verifyLinkdeinlogoTest" time="0.0">
    <ignored/>
  </testcase> <!-- verifyLinkdeinlogoTest -->
  <testcase classname="testCases.Inventory_page_2_Test" name="verifytwitterlogoTest" time="0.0">
    <ignored/>
  </testcase> <!-- verifytwitterlogoTest -->
  <testcase classname="testCases.Cart_Page_Test" name="RemoveProductfromCartTest" time="0.0">
    <ignored/>
  </testcase> <!-- RemoveProductfromCartTest -->
  <testcase classname="testCases.Cart_Page_Test" name="verifyfootertextTest" time="0.0">
    <ignored/>
  </testcase> <!-- verifyfootertextTest -->
  <testcase classname="testCases.Cart_Page_Test" name="verifycarticonTest" time="0.0">
    <ignored/>
  </testcase> <!-- verifycarticonTest -->
</testsuite> <!-- Test(failed) -->
