<?xml version="1.0" encoding="UTF-8"?>
<!-- Generated by org.testng.reporters.JUnitXMLReporter -->
<testsuite ignored="0" hostname="DESKTOP-OP86SSF" failures="0" tests="41" name="Test" time="347.105" errors="0" timestamp="2023-12-08T18:12:39 IST">
  <testcase classname="testCases.Cart_Page_Test" name="ProductpresentincartTest" time="0.242"/>
  <testcase classname="testCases.Cart_Page_Test" name="RemoveProductfromCartTest" time="3.301"/>
  <testcase classname="testCases.Cart_Page_Test" name="Verify3linesTest" time="0.087"/>
  <testcase classname="testCases.Cart_Page_Test" name="VerifyCheckoutbuttonTest" time="0.245"/>
  <testcase classname="testCases.Cart_Page_Test" name="VerifyContinueShoppingbuttonTest" time="0.238"/>
  <testcase classname="testCases.Cart_Page_Test" name="VerifyDiscriptionTest" time="0.094"/>
  <testcase classname="testCases.Cart_Page_Test" name="VerifyQuantityTest" time="3.097"/>
  <testcase classname="testCases.Cart_Page_Test" name="verifyFacebooklogoTest" time="0.037"/>
  <testcase classname="testCases.Cart_Page_Test" name="verifyLinkdeinlogoTest" time="0.039"/>
  <testcase classname="testCases.Cart_Page_Test" name="verifyTwitterlogoTest" time="0.045"/>
  <testcase classname="testCases.Cart_Page_Test" name="verifyYourCarttextTest" time="0.098"/>
  <testcase classname="testCases.Cart_Page_Test" name="verifycarticonTest" time="3.074"/>
  <testcase classname="testCases.Cart_Page_Test" name="verifyfootertextTest" time="0.052"/>
  <testcase classname="testCases.Cart_Page_Test" name="verifyproductaddedintoCartTest" time="3.207"/>
  <testcase classname="testCases.LoginPageTest" name="loginToApplicationTest" time="2.718"/>
  <testcase classname="testCases.LoginPageTest" name="verifyURlofApplication" time="0.036"/>
  <testcase classname="testCases.LoginPageTest" name="verifytitleofApplicationTest" time="0.037"/>
  <testcase classname="testCases.Checkout_page_2_Test" name="Checkoutpage2Test" time="3.296"/>
  <testcase classname="testCases.Checkout_page_2_Test" name="VerifyCancelBtnTest" time="3.365"/>
  <testcase classname="testCases.Checkout_page_2_Test" name="VerifyCheckoverviewTest" time="3.28"/>
  <testcase classname="testCases.Checkout_page_2_Test" name="VerifyDescriptextTest" time="3.273"/>
  <testcase classname="testCases.Checkout_page_2_Test" name="VerifyFinishBtnTest" time="3.331"/>
  <testcase classname="testCases.Checkout_page_2_Test" name="VerifyPaymentinfotextTest" time="3.31"/>
  <testcase classname="testCases.Checkout_page_2_Test" name="VerifyPriceTotalTest" time="3.296"/>
  <testcase classname="testCases.Checkout_page_2_Test" name="VerifyQTYtextTest" time="3.28"/>
  <testcase classname="testCases.Checkout_page_2_Test" name="VerifySaucecardinfoTest" time="3.31"/>
  <testcase classname="testCases.Checkout_page_2_Test" name="VerifyShippinginfoTest" time="3.307"/>
  <testcase classname="testCases.Checkout_page_2_Test" name="VerifyTotalPriceTest" time="3.288"/>
  <testcase classname="testCases.Checkout_page_2_Test" name="Verifyitem1inchkpageTest" time="3.324"/>
  <testcase classname="testCases.Complete_page_Test" name="BacktoHomebtnTest" time="0.063"/>
  <testcase classname="testCases.Complete_page_Test" name="VerifyCheckoutCompleteTest" time="0.033"/>
  <testcase classname="testCases.Complete_page_Test" name="VerifyCompTickimgTest" time="0.034"/>
  <testcase classname="testCases.Complete_page_Test" name="VerifyThankyoumsgTest" time="0.029"/>
  <testcase classname="testCases.Complete_page_Test" name="VerifydispatchMsgTest" time="0.031"/>
  <testcase classname="testCases.Inventory_page_2_Test" name="Verify3linesTest" time="0.086"/>
  <testcase classname="testCases.Inventory_page_2_Test" name="add6productsTest" time="0.535"/>
  <testcase classname="testCases.Inventory_page_2_Test" name="verifyFacebooklogoTest" time="0.032"/>
  <testcase classname="testCases.Inventory_page_2_Test" name="verifyLinkdeinlogoTest" time="0.034"/>
  <testcase classname="testCases.Inventory_page_2_Test" name="verifyfootertextTest" time="0.031"/>
  <testcase classname="testCases.Inventory_page_2_Test" name="verifyproductslabelTest" time="0.056"/>
  <testcase classname="testCases.Inventory_page_2_Test" name="verifytwitterlogoTest" time="0.04"/>
</testsuite> <!-- Test -->
