<?xml version="1.0" encoding="UTF-8"?>
<!-- Generated by org.testng.reporters.JUnitXMLReporter -->
<testsuite ignored="0" hostname="DESKTOP-OP86SSF" failures="2" tests="10" name="Test" time="98.243" errors="0" timestamp="2023-12-05T16:09:08 IST">
  <testcase classname="testCases.LoginPageTest" name="loginToApplicationTest" time="0.62"/>
  <testcase classname="testCases.LoginPageTest" name="verifyURlofApplication" time="0.075"/>
  <testcase classname="testCases.LoginPageTest" name="verifytitleofApplicationTest" time="0.025">
    <failure type="java.lang.AssertionError" message="expected [Swag Lab] but found [Swag Labs]">
      <![CDATA[java.lang.AssertionError: expected [Swag Lab] but found [Swag Labs]
at testCases.LoginPageTest.verifytitleofApplicationTest(LoginPageTest.java:27)
at java.base/java.util.ArrayList.forEach(ArrayList.java:1511)
... Removed 33 stack frames]]>
    </failure>
  </testcase> <!-- verifytitleofApplicationTest -->
  <testcase classname="testCases.Inventory_page_2_Test" name="Verify3linesTest" time="0.205"/>
  <testcase classname="testCases.Inventory_page_2_Test" name="add6productsTest" time="0.937"/>
  <testcase classname="testCases.Inventory_page_2_Test" name="verifyFacebooklogoTest" time="0.075"/>
  <testcase classname="testCases.Inventory_page_2_Test" name="verifyLinkdeinlogoTest" time="0.074"/>
  <testcase classname="testCases.Inventory_page_2_Test" name="verifyfootertextTest" time="0.07"/>
  <testcase classname="testCases.Inventory_page_2_Test" name="verifyproductslabelTest" time="0.06">
    <failure type="java.lang.AssertionError" message="expected [Products] but found [Product]">
      <![CDATA[java.lang.AssertionError: expected [Products] but found [Product]
at testCases.Inventory_page_2_Test.verifyproductslabelTest(Inventory_page_2_Test.java:33)
at java.base/java.util.ArrayList.forEach(ArrayList.java:1511)
... Removed 33 stack frames]]>
    </failure>
  </testcase> <!-- verifyproductslabelTest -->
  <testcase classname="testCases.Inventory_page_2_Test" name="verifytwitterlogoTest" time="0.085"/>
</testsuite> <!-- Test -->
