<?xml version="1.0" encoding="UTF-8"?>
<!-- Generated by org.testng.reporters.JUnitReportReporter -->
<testsuite hostname="DESKTOP-OP86SSF" failures="0" tests="14" name="testCases.Cart_Page_Test" time="123.958" errors="0" timestamp="2023-12-16T16:14:56 IST" skipped="0">
  <testcase classname="testCases.Cart_Page_Test" name="verifyLinkdeinlogoTest" time="7.618"/>
  <system-out>
    <![CDATA[visibility of LinkdeinLogo=true]]>
  </system-out>
  <testcase classname="testCases.Cart_Page_Test" name="verifyYourCarttextTest" time="7.331"/>
  <system-out>
    <![CDATA[Lable of =Your Cart]]>
  </system-out>
  <testcase classname="testCases.Cart_Page_Test" name="verifycarticonTest" time="10.806"/>
  <system-out>
    <![CDATA[Cart page =https://www.saucedemo.com/cart.html]]>
  </system-out>
  <testcase classname="testCases.Cart_Page_Test" name="verifyTwitterlogoTest" time="7.813"/>
  <system-out>
    <![CDATA[Visibility of Twitter logo = true]]>
  </system-out>
  <testcase classname="testCases.Cart_Page_Test" name="verifyproductaddedintoCartTest" time="10.516"/>
  <system-out>
    <![CDATA[No of Products added into Cart= 2]]>
  </system-out>
  <testcase classname="testCases.Cart_Page_Test" name="VerifyCheckoutbuttonTest" time="10.417"/>
  <system-out>
    <![CDATA[after clicking Checkout button =https://www.saucedemo.com/checkout-step-one.html]]>
  </system-out>
  <testcase classname="testCases.Cart_Page_Test" name="verifyFacebooklogoTest" time="7.321"/>
  <system-out>
    <![CDATA[visibility of FacebookLogo=true]]>
  </system-out>
  <testcase classname="testCases.Cart_Page_Test" name="Verify3linesTest" time="7.400"/>
  <system-out>
    <![CDATA[Menu is displayed=true]]>
  </system-out>
  <testcase classname="testCases.Cart_Page_Test" name="VerifyContinueShoppingbuttonTest" time="8.493"/>
  <system-out>
    <![CDATA[after clicking Continue shopping button =https://www.saucedemo.com/inventory.html]]>
  </system-out>
  <testcase classname="testCases.Cart_Page_Test" name="VerifyDiscriptionTest" time="7.644"/>
  <system-out>
    <![CDATA[Lable of Description is =Description]]>
  </system-out>
  <testcase classname="testCases.Cart_Page_Test" name="RemoveProductfromCartTest" time="10.870"/>
  <system-out>
    <![CDATA[No of Products removed into Cart= 1]]>
  </system-out>
  <testcase classname="testCases.Cart_Page_Test" name="ProductpresentincartTest" time="8.133"/>
  <system-out>
    <![CDATA[Product present in cart=true]]>
  </system-out>
  <testcase classname="testCases.Cart_Page_Test" name="verifyfootertextTest" time="8.868"/>
  <system-out>
    <![CDATA[Footer text of the inventory page = © 2023 Sauce Labs. All Rights Reserved. Terms of Service | Privacy Policy]]>
  </system-out>
  <testcase classname="testCases.Cart_Page_Test" name="VerifyQuantityTest" time="10.728"/>
  <system-out>
    <![CDATA[Lable of Quantity is =QTY]]>
  </system-out>
</testsuite> <!-- testCases.Cart_Page_Test -->
