<?xml version="1.0" encoding="UTF-8"?>
<!-- Generated by org.testng.reporters.JUnitReportReporter -->
<testsuite hostname="DESKTOP-OP86SSF" failures="0" tests="7" name="testCases.Inventory_page_2_Test" time="56.017" errors="0" timestamp="2023-12-16T16:14:56 IST" skipped="0">
  <testcase classname="testCases.Inventory_page_2_Test" name="verifyfootertextTest" time="7.560"/>
  <system-out>
    <![CDATA[Footer text of the inventory page = © 2023 Sauce Labs. All Rights Reserved. Terms of Service | Privacy Policy]]>
  </system-out>
  <testcase classname="testCases.Inventory_page_2_Test" name="Verify3linesTest" time="7.570"/>
  <system-out>
    <![CDATA[Menu is displayed=true]]>
  </system-out>
  <testcase classname="testCases.Inventory_page_2_Test" name="verifyFacebooklogoTest" time="7.205"/>
  <system-out>
    <![CDATA[visibility of FacebookLogo=true]]>
  </system-out>
  <testcase classname="testCases.Inventory_page_2_Test" name="verifyproductslabelTest" time="8.834"/>
  <system-out>
    <![CDATA[Lable of Inventory Page =Products]]>
  </system-out>
  <testcase classname="testCases.Inventory_page_2_Test" name="verifytwitterlogoTest" time="9.111"/>
  <system-out>
    <![CDATA[visibility of TwitterLogo=true]]>
  </system-out>
  <testcase classname="testCases.Inventory_page_2_Test" name="verifyLinkdeinlogoTest" time="7.271"/>
  <system-out>
    <![CDATA[visibility of LinkdeinLogo=true]]>
  </system-out>
  <testcase classname="testCases.Inventory_page_2_Test" name="add6productsTest" time="8.466"/>
  <system-out>
    <![CDATA[Total number of product added to cart = 6]]>
  </system-out>
</testsuite> <!-- testCases.Inventory_page_2_Test -->
